<?xml version="1.0" encoding="UTF-8"?>
<!-- Generated by org.testng.reporters.JUnitReportReporter -->
<testsuite hostname="LIN80025073" failures="0" tests="4" name="api.test.userTests" time="8.062" errors="0" timestamp="2024-02-09T12:53:01 IST" skipped="0">
  <testcase classname="api.test.userTests" name="testCreate" time="4.150"/>
  <testcase classname="api.test.userTests" name="testGet" time="1.335"/>
  <testcase classname="api.test.userTests" name="testUpdate" time="1.295"/>
  <testcase classname="api.test.userTests" name="testDelete" time="1.282"/>
</testsuite> <!-- api.test.userTests -->
