<?xml version="1.0" encoding="UTF-8"?>
<!-- Generated by org.testng.reporters.JUnitReportReporter -->
<testsuite hostname="LIN80025073" failures="0" tests="8" name="api.test.DDTests" time="15.591" errors="0" timestamp="2024-02-08T15:31:17 IST" skipped="0">
  <testcase classname="api.test.DDTests" name="testPostuser" time="1.314"/>
  <testcase classname="api.test.DDTests" name="testPostuser" time="1.262"/>
  <testcase classname="api.test.DDTests" name="testPostuser" time="4.438"/>
  <testcase classname="api.test.DDTests" name="testPostuser" time="1.249"/>
  <testcase classname="api.test.DDTests" name="testDeleteUser" time="1.867"/>
  <testcase classname="api.test.DDTests" name="testDeleteUser" time="2.261"/>
  <testcase classname="api.test.DDTests" name="testDeleteUser" time="1.265"/>
  <testcase classname="api.test.DDTests" name="testDeleteUser" time="1.935"/>
</testsuite> <!-- api.test.DDTests -->
