<?xml version="1.0" encoding="UTF-8"?>
<!-- Generated by org.testng.reporters.JUnitReportReporter -->
<testsuite hostname="LIN80025073" failures="0" tests="4" name="api.test.userTests2" time="9.991" errors="0" timestamp="2024-02-09T14:23:28 IST" skipped="0">
  <testcase classname="api.test.userTests2" name="testCreate" time="4.854"/>
  <testcase classname="api.test.userTests2" name="testGet" time="1.357"/>
  <testcase classname="api.test.userTests2" name="testUpdate" time="1.356"/>
  <testcase classname="api.test.userTests2" name="testDelete" time="2.424"/>
</testsuite> <!-- api.test.userTests2 -->
